2025-11-10 16:31:00 | WARN | repo=course-sys-int-systems-exam | action=commit
2025-05-19 18:40:00 | INFO | repo=course-sys-int-systems-exam | action=commit
2025-11-22 13:58:00 | WARN | repo=course-sys-int-systems-exam | action=commit
2025-01-05 13:17:00 | WARN | repo=course-sys-int-systems-exam | action=commit
2025-12-23 16:00:00 | DEBUG | repo=course-sys-int-systems-exam | action=commit
2025-02-04 07:53:00 | WARN | repo=course-sys-int-systems-exam | action=commit
2025-09-02 16:36:00 | INFO | repo=course-sys-int-systems-exam | action=edit | files=2
2025-01-17 20:11:00 | INFO | repo=course-sys-int-systems-exam | action=edit | files=1
2025-04-21 12:14:00 | WARN | repo=course-sys-int-systems-exam | action=edit | files=3
2025-11-10 13:16:00 | DEBUG | repo=course-sys-int-systems-exam | action=commit
2025-10-22 20:47:00 | DEBUG | repo=course-sys-int-systems-exam | action=commit
2025-08-28 12:44:00 | INFO | repo=course-sys-int-systems-exam | action=commit
2025-04-24 16:10:00 | INFO | repo=course-sys-int-systems-exam | action=pull
2025-05-08 16:31:00 | INFO | repo=course-sys-int-systems-exam | action=test | passed=true
2025-12-27 07:42:00 | WARN | repo=course-sys-int-systems-exam | action=edit | files=5
2025-01-15 11:47:00 | WARN | repo=course-sys-int-systems-exam | action=commit
2025-03-24 17:43:00 | WARN | repo=course-sys-int-systems-exam | action=commit
2025-11-20 18:53:00 | INFO | repo=course-sys-int-systems-exam | action=commit
2025-03-03 19:37:00 | WARN | repo=course-sys-int-systems-exam | action=commit
2025-04-26 09:03:00 | WARN | repo=course-sys-int-systems-exam | action=commit
2025-10-06 18:09:00 | WARN | repo=course-sys-int-systems-exam | action=commit
2025-11-15 08:38:00 | INFO | repo=course-sys-int-systems-exam | action=commit
2025-03-15 08:19:00 | DEBUG | repo=course-sys-int-systems-exam | action=commit
2025-11-17 19:18:00 | INFO | repo=course-sys-int-systems-exam | action=commit
2025-02-18 18:36:00 | INFO | repo=course-sys-int-systems-exam | action=commit
2025-10-14 08:38:00 | DEBUG | repo=course-sys-int-systems-exam | action=commit
2025-10-12 18:41:00 | INFO | repo=course-sys-int-systems-exam | action=commit
2025-03-26 21:18:00 | DEBUG | repo=course-sys-int-systems-exam | action=edit | files=3
2025-10-08 14:06:00 | DEBUG | repo=course-sys-int-systems-exam | action=commit
